<?xml version="1.0" encoding="UTF-8"?>
<!-- Generated by org.testng.reporters.JUnitReportReporter -->
<testsuite skipped="0" hostname="QTLSYS2-238" name="tests.QCStore" tests="1" failures="0" timestamp="29 Mar 2019 13:24:30 GMT" time="41.362" errors="0">
  <testcase name="Reverse_and_Reallocation" time="41.362" classname="tests.QCStore"/>
</testsuite> <!-- tests.QCStore -->
