<?xml version="1.0" encoding="UTF-8"?>
<!-- Generated by org.testng.reporters.JUnitReportReporter -->
<testsuite skipped="0" hostname="QTLSYS0-225" name="tests.QCStore" tests="1" failures="0" timestamp="30 Apr 2020 20:45:39 GMT" time="271.449" errors="0">
  <testcase name="TLP_RefinanceStepDown" time="271.449" classname="tests.QCStore"/>
</testsuite> <!-- tests.QCStore -->
