<?xml version="1.0" encoding="UTF-8"?>
<!-- Generated by org.testng.reporters.JUnitReportReporter -->
<testsuite skipped="28" hostname="qtlsys2-66pc" name="tests.QCStore" tests="29" failures="0" timestamp="04 Jun 2019 09:55:44 GMT" time="292.399" errors="0">
  <testcase name="JQC_AgeStore_Deposit_PrePayment_Txn" time="292.399" classname="tests.QCStore"/>
  <testcase name="JQC_AgeStore_Refinance_Rescind_Txn" classname="tests.QCStore">
    <skipped/>
  </testcase> <!-- JQC_AgeStore_Refinance_Rescind_Txn -->
  <testcase name="JQC_NewLoan_Veritec_Txn" classname="tests.QCStore">
    <skipped/>
  </testcase> <!-- JQC_NewLoan_Veritec_Txn -->
  <testcase name="JQC_AgeStore_Deposit_AutoClear_Txn" classname="tests.QCStore">
    <skipped/>
  </testcase> <!-- JQC_AgeStore_Deposit_AutoClear_Txn -->
  <testcase name="JQC_AgeStore_PrePayment_Clear_Txn" classname="tests.QCStore">
    <skipped/>
  </testcase> <!-- JQC_AgeStore_PrePayment_Clear_Txn -->
  <testcase name="JQC_ChkDeposit_RtnChk_ReDeposit_Payment_Void_Clear_Txn_Testdata" classname="tests.QCStore">
    <skipped/>
  </testcase> <!-- JQC_ChkDeposit_RtnChk_ReDeposit_Payment_Void_Clear_Txn_Testdata -->
  <testcase name="JQC_AgeStore_Deposit_Return_Refinance_Void_Txn" classname="tests.QCStore">
    <skipped/>
  </testcase> <!-- JQC_AgeStore_Deposit_Return_Refinance_Void_Txn -->
  <testcase name="JQC_AgeStore_DCDeposit_Menu_Txn" classname="tests.QCStore">
    <skipped/>
  </testcase> <!-- JQC_AgeStore_DCDeposit_Menu_Txn -->
  <testcase name="JQC_ACH_PartialWORecovery_FullWORecovery_Void_Txn_Testdata" classname="tests.QCStore">
    <skipped/>
  </testcase> <!-- JQC_ACH_PartialWORecovery_FullWORecovery_Void_Txn_Testdata -->
  <testcase name="JQC_AgeStore_Deposit_Return_Refinance_Txn" classname="tests.QCStore">
    <skipped/>
  </testcase> <!-- JQC_AgeStore_Deposit_Return_Refinance_Txn -->
  <testcase name="JQC_AgeStore_GraceDays_DCDeposit_Dropdown_Txn" classname="tests.QCStore">
    <skipped/>
  </testcase> <!-- JQC_AgeStore_GraceDays_DCDeposit_Dropdown_Txn -->
  <testcase name="JQC_AgeStore_NSFPosting_Refinance_Rescind_Txn" classname="tests.QCStore">
    <skipped/>
  </testcase> <!-- JQC_AgeStore_NSFPosting_Refinance_Rescind_Txn -->
  <testcase name="JQC_AgeStore_Deposit_PrePayment_Void_Txn" classname="tests.QCStore">
    <skipped/>
  </testcase> <!-- JQC_AgeStore_Deposit_PrePayment_Void_Txn -->
  <testcase name="JQC_EPP_Txn_Testdata" classname="tests.QCStore">
    <skipped/>
  </testcase> <!-- JQC_EPP_Txn_Testdata -->
  <testcase name="JQC_AgeStore_GraceDays_DCDeposit_Menu_Txn" classname="tests.QCStore">
    <skipped/>
  </testcase> <!-- JQC_AgeStore_GraceDays_DCDeposit_Menu_Txn -->
  <testcase name="JQC_AgeStore_DCDeposit_Txn" classname="tests.QCStore">
    <skipped/>
  </testcase> <!-- JQC_AgeStore_DCDeposit_Txn -->
  <testcase name="JQC_EPP_AgestoreInstallmentwise_EPPPayment_Txn_Testdata" classname="tests.QCStore">
    <skipped/>
  </testcase> <!-- JQC_EPP_AgestoreInstallmentwise_EPPPayment_Txn_Testdata -->
  <testcase name="JQC_BuyBack_Txn_Testdata" classname="tests.QCStore">
    <skipped/>
  </testcase> <!-- JQC_BuyBack_Txn_Testdata -->
  <testcase name="JQC_AgeStore_ACHReturn_Refinance_Rescind_Txn" classname="tests.QCStore">
    <skipped/>
  </testcase> <!-- JQC_AgeStore_ACHReturn_Refinance_Rescind_Txn -->
  <testcase name="JQC_AgeStore_Deposit_ClearMenu_Txn" classname="tests.QCStore">
    <skipped/>
  </testcase> <!-- JQC_AgeStore_Deposit_ClearMenu_Txn -->
  <testcase name="JQC_PartialWORecovery_FullWORecovery_Void_Txn_Testdata" classname="tests.QCStore">
    <skipped/>
  </testcase> <!-- JQC_PartialWORecovery_FullWORecovery_Void_Txn_Testdata -->
  <testcase name="JQC_BuyBack_Rebate_Txn_Testdata" classname="tests.QCStore">
    <skipped/>
  </testcase> <!-- JQC_BuyBack_Rebate_Txn_Testdata -->
  <testcase name="JQC_Deposit_Return_EPP_Txn_Testdata" classname="tests.QCStore">
    <skipped/>
  </testcase> <!-- JQC_Deposit_Return_EPP_Txn_Testdata -->
  <testcase name="JQC_BuyBack_Void_Txn_Testdata" classname="tests.QCStore">
    <skipped/>
  </testcase> <!-- JQC_BuyBack_Void_Txn_Testdata -->
  <testcase name="JQC_AgeStore_Deposit_ClearDropdown_Txn" classname="tests.QCStore">
    <skipped/>
  </testcase> <!-- JQC_AgeStore_Deposit_ClearDropdown_Txn -->
  <testcase name="JQC_Return_ReDeposit_Clear_Txn" classname="tests.QCStore">
    <skipped/>
  </testcase> <!-- JQC_Return_ReDeposit_Clear_Txn -->
  <testcase name="JQC_AgeStore_PrePayment_Return_Txn" classname="tests.QCStore">
    <skipped/>
  </testcase> <!-- JQC_AgeStore_PrePayment_Return_Txn -->
  <testcase name="JQC_BuyBack_Rebate_Void_Txn_Testdata" classname="tests.QCStore">
    <skipped/>
  </testcase> <!-- JQC_BuyBack_Rebate_Void_Txn_Testdata -->
  <testcase name="JQC_AgeStore_Redeposit_Prepayment_Void_Prepayment_Return_Txn" classname="tests.QCStore">
    <skipped/>
  </testcase> <!-- JQC_AgeStore_Redeposit_Prepayment_Void_Prepayment_Return_Txn -->
</testsuite> <!-- tests.QCStore -->
