<?xml version="1.0" encoding="UTF-8"?>
<!-- Generated by org.testng.reporters.JUnitReportReporter -->
<testsuite skipped="0" hostname="qtlsys0-226" name="tests.QCStore" tests="1" failures="0" timestamp="31 Jul 2019 10:22:49 GMT" time="198.667" errors="0">
  <testcase name="QC_Accounting_Refinance_MDefault_PaymentReturn_LateFee_ReturnPaymentFull_Txn_Testdata" time="198.667" classname="tests.QCStore"/>
</testsuite> <!-- tests.QCStore -->
