<?xml version="1.0" encoding="UTF-8"?>
<!-- Generated by org.testng.reporters.JUnitReportReporter -->
<testsuite skipped="0" hostname="QTLSYS0-225" name="tests.QCStore" tests="1" failures="0" timestamp="12 Jun 2020 07:47:55 GMT" time="1532.943" errors="0">
  <testcase name="QC_ILPDefault_Loan_PDLReturn_Loan_Trying_To_Apply_Conversion_BySelecting_BothLoan_Txn_Testdata" time="1532.943" classname="tests.QCStore"/>
</testsuite> <!-- tests.QCStore -->
