<?xml version="1.0" encoding="UTF-8"?>
<!-- Generated by org.testng.reporters.JUnitReportReporter -->
<testsuite skipped="0" hostname="QTLSYS0-225" name="tests.QCStore" tests="4" failures="0" timestamp="11 Jun 2020 13:40:50 GMT" time="3425.075" errors="0">
  <testcase name="QC_LOC_Payment_Default_Repo_Refinance_Txn_Testdata" time="1255.013" classname="tests.QCStore"/>
  <testcase name="QC_LOC_Payment_Default_Repo_RefinanceWithDisb_Txn_Testdata" time="184.307" classname="tests.QCStore"/>
  <testcase name="QC_LOC_Payment_Default_DefaultPayment_Repo_RefinanceWithDisb_Txn_Testdata" time="1304.295" classname="tests.QCStore"/>
  <testcase name="QC_LOC_SignatureLoan_Runtwostatements_WaiveFee_CheckWaiveFeein2997Store_Txn_Testdata" time="681.460" classname="tests.QCStore"/>
</testsuite> <!-- tests.QCStore -->
