<?xml version="1.0" encoding="UTF-8"?>
<!-- Generated by org.testng.reporters.JUnitReportReporter -->
<testsuite skipped="0" hostname="QTLSYS0-225" name="tests.QCStore" tests="1" failures="0" timestamp="08 May 2020 08:33:24 GMT" time="584.899" errors="0">
  <testcase name="QC_Sprint_Online_WIILP_DC_ACH_Txn_Testdata" time="584.899" classname="tests.QCStore"/>
</testsuite> <!-- tests.QCStore -->
