<?xml version="1.0" encoding="UTF-8"?>
<!-- Generated by org.testng.reporters.JUnitReportReporter -->
<testsuite skipped="0" hostname="QTLSYS0-225" name="tests.QCStore" tests="1" failures="0" timestamp="12 Jun 2020 12:14:27 GMT" time="647.920" errors="0">
  <testcase name="QC_Sprint_B20_184_1_Txn_Testdata" time="647.920" classname="tests.QCStore"/>
</testsuite> <!-- tests.QCStore -->
