<?xml version="1.0" encoding="UTF-8"?>
<!-- Generated by org.testng.reporters.JUnitReportReporter -->
<testsuite skipped="0" hostname="QTLSYS0-225" name="tests.QCStore" tests="1" failures="0" timestamp="07 May 2020 09:06:24 GMT" time="49.017" errors="0">
  <testcase name="QC_Sprint_Online_MOPDL_DC_CashAtStore_Txn_Testdata" time="49.017" classname="tests.QCStore"/>
</testsuite> <!-- tests.QCStore -->
