<?xml version="1.0" encoding="UTF-8"?>
<!-- Generated by org.testng.reporters.JUnitReportReporter -->
<testsuite skipped="0" hostname="QTLSYS0-225" name="tests.QCStore" tests="1" failures="0" timestamp="12 Apr 2020 01:10:24 GMT" time="92.447" errors="0">
  <testcase name="RQC_Default_TLPConversion_Txn_Testdata" time="92.447" classname="tests.QCStore"/>
</testsuite> <!-- tests.QCStore -->
