<?xml version="1.0" encoding="UTF-8"?>
<!-- Generated by org.testng.reporters.JUnitReportReporter -->
<testsuite skipped="0" hostname="QTLSYS0-225" name="tests.QCStore" tests="1" failures="0" timestamp="17 Mar 2020 13:17:52 GMT" time="110.059" errors="0">
  <testcase name="QC_Sprint2_QF_601_TS_086_Txn_Testdata" time="110.059" classname="tests.QCStore"/>
</testsuite> <!-- tests.QCStore -->
